  main.c
C:\Users\Ashantie Louize\source\repos\ceparco-proj1\CEPARCO_Project1\main.c(47,9): warning C4477: 'printf' : format string '%lu' requires an argument of type 'unsigned long', but variadic argument 1 has type 'const size_t'
      C:\Users\Ashantie Louize\source\repos\ceparco-proj1\CEPARCO_Project1\main.c(47,9):
      consider using '%zu' in the format string
  
C:\Users\Ashantie Louize\source\repos\ceparco-proj1\CEPARCO_Project1\main.c(47,9): warning C4477: 'printf' : format string '%lu' requires an argument of type 'unsigned long', but variadic argument 3 has type 'const size_t'
      C:\Users\Ashantie Louize\source\repos\ceparco-proj1\CEPARCO_Project1\main.c(47,9):
      consider using '%zu' in the format string
  
C:\Users\Ashantie Louize\source\repos\ceparco-proj1\CEPARCO_Project1\main.c(67,9): warning C4477: 'printf' : format string '%lu' requires an argument of type 'unsigned long', but variadic argument 1 has type 'const size_t'
      C:\Users\Ashantie Louize\source\repos\ceparco-proj1\CEPARCO_Project1\main.c(67,9):
      consider using '%zu' in the format string
  
C:\Users\Ashantie Louize\source\repos\ceparco-proj1\CEPARCO_Project1\main.c(67,9): warning C4477: 'printf' : format string '%lu' requires an argument of type 'unsigned long', but variadic argument 3 has type 'const size_t'
      C:\Users\Ashantie Louize\source\repos\ceparco-proj1\CEPARCO_Project1\main.c(67,9):
      consider using '%zu' in the format string
  
C:\Users\Ashantie Louize\source\repos\ceparco-proj1\CEPARCO_Project1\main.c(87,9): warning C4477: 'printf' : format string '%lu' requires an argument of type 'unsigned long', but variadic argument 1 has type 'const size_t'
      C:\Users\Ashantie Louize\source\repos\ceparco-proj1\CEPARCO_Project1\main.c(87,9):
      consider using '%zu' in the format string
  
C:\Users\Ashantie Louize\source\repos\ceparco-proj1\CEPARCO_Project1\main.c(87,9): warning C4477: 'printf' : format string '%lu' requires an argument of type 'unsigned long', but variadic argument 3 has type 'const size_t'
      C:\Users\Ashantie Louize\source\repos\ceparco-proj1\CEPARCO_Project1\main.c(87,9):
      consider using '%zu' in the format string
  
C:\Users\Ashantie Louize\source\repos\ceparco-proj1\CEPARCO_Project1\main.c(107,9): warning C4477: 'printf' : format string '%lu' requires an argument of type 'unsigned long', but variadic argument 1 has type 'const size_t'
      C:\Users\Ashantie Louize\source\repos\ceparco-proj1\CEPARCO_Project1\main.c(107,9):
      consider using '%zu' in the format string
  
C:\Users\Ashantie Louize\source\repos\ceparco-proj1\CEPARCO_Project1\main.c(107,9): warning C4477: 'printf' : format string '%lu' requires an argument of type 'unsigned long', but variadic argument 3 has type 'const size_t'
      C:\Users\Ashantie Louize\source\repos\ceparco-proj1\CEPARCO_Project1\main.c(107,9):
      consider using '%zu' in the format string
  
  CEPARCO_Project1.vcxproj -> C:\Users\Ashantie Louize\source\repos\ceparco-proj1\x64\Debug\CEPARCO_Project1.exe
